[0.150s] DEBUG:colcon:Command line arguments: ['/usr/bin/colcon', 'list', '-p', '--base-paths', '/home/prime/single_inverted_pendulum/src', '--log-base', '/dev/null']
[0.150s] DEBUG:colcon:Parsed command line arguments: Namespace(log_base=None, log_level=None, verb_name='list', build_base='build', ignore_user_meta=False, metas=['./colcon.meta'], base_paths=['/home/prime/single_inverted_pendulum/src', '--log-base', '/dev/null'], packages_ignore=None, packages_ignore_regex=None, paths=None, packages_up_to=None, packages_up_to_regex=None, packages_above=None, packages_above_and_dependencies=None, packages_above_depth=None, packages_select_by_dep=None, packages_skip_by_dep=None, packages_skip_up_to=None, packages_select_build_failed=False, packages_skip_build_finished=False, packages_select_test_failures=False, packages_skip_test_passed=False, packages_select=None, packages_skip=None, packages_select_regex=None, packages_skip_regex=None, packages_start=None, packages_end=None, allow_overriding=[], topological_order=False, names_only=False, paths_only=True, topological_graph=False, topological_graph_dot=False, topological_graph_density=False, topological_graph_legend=False, topological_graph_dot_cluster=False, topological_graph_dot_include_skipped=False, mixin_files=None, mixin=None, verb_parser=<colcon_mixin.mixin.mixin_argument.MixinArgumentDecorator object at 0x732e1722b370>, verb_extension=<colcon_package_information.verb.list.ListVerb object at 0x732e1722a320>, main=<bound method ListVerb.main of <colcon_package_information.verb.list.ListVerb object at 0x732e1722a320>>, mixin_verb=('list',))
[0.420s] Level 1:colcon.colcon_core.package_discovery:discover_packages(colcon_meta) check parameters
[0.420s] Level 1:colcon.colcon_core.package_discovery:discover_packages(recursive) check parameters
[0.420s] Level 1:colcon.colcon_core.package_discovery:discover_packages(ignore) check parameters
[0.420s] Level 1:colcon.colcon_core.package_discovery:discover_packages(path) check parameters
[0.420s] Level 1:colcon.colcon_core.package_discovery:discover_packages(recursive) discover
[0.420s] INFO:colcon.colcon_core.package_discovery:Crawling recursively for packages in '/home/prime/single_inverted_pendulum/src', '/home/prime/single_inverted_pendulum/src/--log-base', '/dev/null'
[0.420s] Level 1:colcon.colcon_core.package_identification:_identify(/home/prime/single_inverted_pendulum/src) by extensions ['ignore', 'ignore_ament_install']
[0.420s] Level 1:colcon.colcon_core.package_identification:_identify(/home/prime/single_inverted_pendulum/src) by extension 'ignore'
[0.420s] Level 1:colcon.colcon_core.package_identification:_identify(/home/prime/single_inverted_pendulum/src) by extension 'ignore_ament_install'
[0.420s] Level 1:colcon.colcon_core.package_identification:_identify(/home/prime/single_inverted_pendulum/src) by extensions ['colcon_pkg']
[0.420s] Level 1:colcon.colcon_core.package_identification:_identify(/home/prime/single_inverted_pendulum/src) by extension 'colcon_pkg'
[0.420s] Level 1:colcon.colcon_core.package_identification:_identify(/home/prime/single_inverted_pendulum/src) by extensions ['colcon_meta']
[0.420s] Level 1:colcon.colcon_core.package_identification:_identify(/home/prime/single_inverted_pendulum/src) by extension 'colcon_meta'
[0.420s] Level 1:colcon.colcon_core.package_identification:_identify(/home/prime/single_inverted_pendulum/src) by extensions ['ros']
[0.420s] Level 1:colcon.colcon_core.package_identification:_identify(/home/prime/single_inverted_pendulum/src) by extension 'ros'
[0.453s] Level 1:colcon.colcon_core.package_identification:_identify(/home/prime/single_inverted_pendulum/src) by extensions ['cmake', 'python']
[0.453s] Level 1:colcon.colcon_core.package_identification:_identify(/home/prime/single_inverted_pendulum/src) by extension 'cmake'
[0.453s] Level 1:colcon.colcon_core.package_identification:_identify(/home/prime/single_inverted_pendulum/src) by extension 'python'
[0.453s] Level 1:colcon.colcon_core.package_identification:_identify(/home/prime/single_inverted_pendulum/src) by extensions ['python_setup_py']
[0.453s] Level 1:colcon.colcon_core.package_identification:_identify(/home/prime/single_inverted_pendulum/src) by extension 'python_setup_py'
[0.454s] Level 1:colcon.colcon_core.package_identification:_identify(/home/prime/single_inverted_pendulum/src/log) by extensions ['ignore', 'ignore_ament_install']
[0.454s] Level 1:colcon.colcon_core.package_identification:_identify(/home/prime/single_inverted_pendulum/src/log) by extension 'ignore'
[0.454s] Level 1:colcon.colcon_core.package_identification:_identify(/home/prime/single_inverted_pendulum/src/log) ignored
[0.454s] Level 1:colcon.colcon_core.package_identification:_identify(/home/prime/single_inverted_pendulum/src/single_inverted_pendulum) by extensions ['ignore', 'ignore_ament_install']
[0.454s] Level 1:colcon.colcon_core.package_identification:_identify(/home/prime/single_inverted_pendulum/src/single_inverted_pendulum) by extension 'ignore'
[0.454s] Level 1:colcon.colcon_core.package_identification:_identify(/home/prime/single_inverted_pendulum/src/single_inverted_pendulum) by extension 'ignore_ament_install'
[0.454s] Level 1:colcon.colcon_core.package_identification:_identify(/home/prime/single_inverted_pendulum/src/single_inverted_pendulum) by extensions ['colcon_pkg']
[0.454s] Level 1:colcon.colcon_core.package_identification:_identify(/home/prime/single_inverted_pendulum/src/single_inverted_pendulum) by extension 'colcon_pkg'
[0.454s] Level 1:colcon.colcon_core.package_identification:_identify(/home/prime/single_inverted_pendulum/src/single_inverted_pendulum) by extensions ['colcon_meta']
[0.454s] Level 1:colcon.colcon_core.package_identification:_identify(/home/prime/single_inverted_pendulum/src/single_inverted_pendulum) by extension 'colcon_meta'
[0.454s] Level 1:colcon.colcon_core.package_identification:_identify(/home/prime/single_inverted_pendulum/src/single_inverted_pendulum) by extensions ['ros']
[0.454s] Level 1:colcon.colcon_core.package_identification:_identify(/home/prime/single_inverted_pendulum/src/single_inverted_pendulum) by extension 'ros'
[0.458s] DEBUG:colcon.colcon_core.package_identification:Package '/home/prime/single_inverted_pendulum/src/single_inverted_pendulum' with type 'ros.ament_cmake' and name 'single_inverted_pendulum'
[0.458s] Level 1:colcon.colcon_core.package_identification:_identify(/home/prime/single_inverted_pendulum/src/single_inverted_pendulum_description) by extensions ['ignore', 'ignore_ament_install']
[0.458s] Level 1:colcon.colcon_core.package_identification:_identify(/home/prime/single_inverted_pendulum/src/single_inverted_pendulum_description) by extension 'ignore'
[0.458s] Level 1:colcon.colcon_core.package_identification:_identify(/home/prime/single_inverted_pendulum/src/single_inverted_pendulum_description) by extension 'ignore_ament_install'
[0.458s] Level 1:colcon.colcon_core.package_identification:_identify(/home/prime/single_inverted_pendulum/src/single_inverted_pendulum_description) by extensions ['colcon_pkg']
[0.458s] Level 1:colcon.colcon_core.package_identification:_identify(/home/prime/single_inverted_pendulum/src/single_inverted_pendulum_description) by extension 'colcon_pkg'
[0.458s] Level 1:colcon.colcon_core.package_identification:_identify(/home/prime/single_inverted_pendulum/src/single_inverted_pendulum_description) by extensions ['colcon_meta']
[0.458s] Level 1:colcon.colcon_core.package_identification:_identify(/home/prime/single_inverted_pendulum/src/single_inverted_pendulum_description) by extension 'colcon_meta'
[0.458s] Level 1:colcon.colcon_core.package_identification:_identify(/home/prime/single_inverted_pendulum/src/single_inverted_pendulum_description) by extensions ['ros']
[0.458s] Level 1:colcon.colcon_core.package_identification:_identify(/home/prime/single_inverted_pendulum/src/single_inverted_pendulum_description) by extension 'ros'
[0.460s] DEBUG:colcon.colcon_core.package_identification:Package '/home/prime/single_inverted_pendulum/src/single_inverted_pendulum_description' with type 'ros.ament_cmake' and name 'single_inverted_pendulum_description'
[0.460s] Level 1:colcon.colcon_core.package_identification:_identify(/home/prime/single_inverted_pendulum/src/single_inverted_pendulum_simulation) by extensions ['ignore', 'ignore_ament_install']
[0.460s] Level 1:colcon.colcon_core.package_identification:_identify(/home/prime/single_inverted_pendulum/src/single_inverted_pendulum_simulation) by extension 'ignore'
[0.460s] Level 1:colcon.colcon_core.package_identification:_identify(/home/prime/single_inverted_pendulum/src/single_inverted_pendulum_simulation) by extension 'ignore_ament_install'
[0.460s] Level 1:colcon.colcon_core.package_identification:_identify(/home/prime/single_inverted_pendulum/src/single_inverted_pendulum_simulation) by extensions ['colcon_pkg']
[0.460s] Level 1:colcon.colcon_core.package_identification:_identify(/home/prime/single_inverted_pendulum/src/single_inverted_pendulum_simulation) by extension 'colcon_pkg'
[0.460s] Level 1:colcon.colcon_core.package_identification:_identify(/home/prime/single_inverted_pendulum/src/single_inverted_pendulum_simulation) by extensions ['colcon_meta']
[0.460s] Level 1:colcon.colcon_core.package_identification:_identify(/home/prime/single_inverted_pendulum/src/single_inverted_pendulum_simulation) by extension 'colcon_meta'
[0.460s] Level 1:colcon.colcon_core.package_identification:_identify(/home/prime/single_inverted_pendulum/src/single_inverted_pendulum_simulation) by extensions ['ros']
[0.460s] Level 1:colcon.colcon_core.package_identification:_identify(/home/prime/single_inverted_pendulum/src/single_inverted_pendulum_simulation) by extension 'ros'
[0.462s] DEBUG:colcon.colcon_core.package_identification:Package '/home/prime/single_inverted_pendulum/src/single_inverted_pendulum_simulation' with type 'ros.ament_cmake' and name 'single_inverted_pendulum_simulation'
[0.462s] Level 1:colcon.colcon_core.package_discovery:discover_packages(recursive) using defaults
